[    0.000000] Initializing cgroup subsys cpuset
[    0.000000] Initializing cgroup subsys cpu
[    0.000000] Initializing cgroup subsys cpuacct
[    0.000000] Linux version 4.4.0-186-generic (buildd@lcy01-amd64-002) (gcc version 5.4.0 20160609 (Ubuntu 5.4.0-6ubuntu1~16.04.12) ) #216-Ubuntu SMP Wed Jul 1 05:34:05 UTC 2020 (Ubuntu 4.4.0-186.216-generic 4.4.228)
[    0.000000] Command line: BOOT_IMAGE=/boot/vmlinuz-4.4.0-186-generic root=UUID=028dcf64-728a-43a3-8470-fbd74a027bdf ro console=tty1 console=ttyS0
[    0.000000] KERNEL supported cpus:
[    0.000000]   Intel GenuineIntel
[    0.000000]   AMD AuthenticAMD
[    0.000000]   Centaur CentaurHauls
[    0.000000] x86/fpu: xstate_offset[2]:  576, xstate_sizes[2]:  256
[    0.000000] x86/fpu: Supporting XSAVE feature 0x01: 'x87 floating point registers'
[    0.000000] x86/fpu: Supporting XSAVE feature 0x02: 'SSE registers'
[    0.000000] x86/fpu: Supporting XSAVE feature 0x04: 'AVX registers'
[    0.000000] x86/fpu: Enabled xstate features 0x7, context size is 832 bytes, using 'standard' format.
[    0.000000] e820: BIOS-provided physical RAM map:
[    0.000000] BIOS-e820: [mem 0x0000000000000000-0x000000000009fbff] usable
[    0.000000] BIOS-e820: [mem 0x000000000009fc00-0x000000000009ffff] reserved
[    0.000000] BIOS-e820: [mem 0x00000000000f0000-0x00000000000fffff] reserved
[    0.000000] BIOS-e820: [mem 0x0000000000100000-0x00000000dffeffff] usable
[    0.000000] BIOS-e820: [mem 0x00000000dfff0000-0x00000000dfffffff] ACPI data
[    0.000000] BIOS-e820: [mem 0x00000000fec00000-0x00000000fec00fff] reserved
[    0.000000] BIOS-e820: [mem 0x00000000fee00000-0x00000000fee00fff] reserved
[    0.000000] BIOS-e820: [mem 0x00000000fffc0000-0x00000000ffffffff] reserved
[    0.000000] BIOS-e820: [mem 0x0000000100000000-0x000000015fffffff] usable
[    0.000000] NX (Execute Disable) protection: active
[    0.000000] SMBIOS 2.5 present.
[    0.000000] Hypervisor detected: KVM
[    0.000000] Kernel/User page tables isolation: disabled
[    0.000000] e820: last_pfn = 0x160000 max_arch_pfn = 0x400000000
[    0.000000] MTRR: Disabled
[    0.000000] x86/PAT: MTRRs disabled, skipping PAT initialization too.
[    0.000000] CPU MTRRs all blank - virtualized system.
[    0.000000] x86/PAT: Configuration [0-7]: WB  WT  UC- UC  WB  WT  UC- UC  
[    0.000000] e820: last_pfn = 0xdfff0 max_arch_pfn = 0x400000000
[    0.000000] found SMP MP-table at [mem 0x0009fff0-0x0009ffff] mapped at [ffff88000009fff0]
[    0.000000] Scanning 1 areas for low memory corruption
[    0.000000] RAMDISK: [mem 0x361ca000-0x370dcfff]
[    0.000000] ACPI: Early table checksum verification disabled
[    0.000000] ACPI: RSDP 0x00000000000E0000 000024 (v02 VBOX  )
[    0.000000] ACPI: XSDT 0x00000000DFFF0030 00003C (v01 VBOX   VBOXXSDT 00000001 ASL  00000061)
[    0.000000] ACPI: FACP 0x00000000DFFF00F0 0000F4 (v04 VBOX   VBOXFACP 00000001 ASL  00000061)
[    0.000000] ACPI: DSDT 0x00000000DFFF0480 002325 (v02 VBOX   VBOXBIOS 00000002 INTL 20100528)
[    0.000000] ACPI: FACS 0x00000000DFFF0200 000040
[    0.000000] ACPI: FACS 0x00000000DFFF0200 000040
[    0.000000] ACPI: APIC 0x00000000DFFF0240 00006C (v02 VBOX   VBOXAPIC 00000001 ASL  00000061)
[    0.000000] ACPI: SSDT 0x00000000DFFF02B0 0001CC (v01 VBOX   VBOXCPUT 00000002 INTL 20100528)
[    0.000000] No NUMA configuration found
[    0.000000] Faking a node at [mem 0x0000000000000000-0x000000015fffffff]
[    0.000000] NODE_DATA(0) allocated [mem 0x15fff7000-0x15fffbfff]
[    0.000000] kvm-clock: Using msrs 4b564d01 and 4b564d00
[    0.000000] kvm-clock: cpu 0, msr 1:5ffef001, primary cpu clock
[    0.000000] kvm-clock: using sched offset of 3376500956 cycles
[    0.000000] clocksource: kvm-clock: mask: 0xffffffffffffffff max_cycles: 0x1cd42e4dffb, max_idle_ns: 881590591483 ns
[    0.000000] Zone ranges:
[    0.000000]   DMA      [mem 0x0000000000001000-0x0000000000ffffff]
[    0.000000]   DMA32    [mem 0x0000000001000000-0x00000000ffffffff]
[    0.000000]   Normal   [mem 0x0000000100000000-0x000000015fffffff]
[    0.000000]   Device   empty
[    0.000000] Movable zone start for each node
[    0.000000] Early memory node ranges
[    0.000000]   node   0: [mem 0x0000000000001000-0x000000000009efff]
[    0.000000]   node   0: [mem 0x0000000000100000-0x00000000dffeffff]
[    0.000000]   node   0: [mem 0x0000000100000000-0x000000015fffffff]
[    0.000000] Initmem setup node 0 [mem 0x0000000000001000-0x000000015fffffff]
[    0.000000] ACPI: PM-Timer IO Port: 0x4008
[    0.000000] IOAPIC[0]: apic_id 4, version 32, address 0xfec00000, GSI 0-23
[    0.000000] ACPI: INT_SRC_OVR (bus 0 bus_irq 0 global_irq 2 dfl dfl)
[    0.000000] ACPI: INT_SRC_OVR (bus 0 bus_irq 9 global_irq 9 low level)
[    0.000000] Using ACPI (MADT) for SMP configuration information
[    0.000000] smpboot: Allowing 4 CPUs, 0 hotplug CPUs
[    0.000000] PM: Registered nosave memory: [mem 0x00000000-0x00000fff]
[    0.000000] PM: Registered nosave memory: [mem 0x0009f000-0x0009ffff]
[    0.000000] PM: Registered nosave memory: [mem 0x000a0000-0x000effff]
[    0.000000] PM: Registered nosave memory: [mem 0x000f0000-0x000fffff]
[    0.000000] PM: Registered nosave memory: [mem 0xdfff0000-0xdfffffff]
[    0.000000] PM: Registered nosave memory: [mem 0xe0000000-0xfebfffff]
[    0.000000] PM: Registered nosave memory: [mem 0xfec00000-0xfec00fff]
[    0.000000] PM: Registered nosave memory: [mem 0xfec01000-0xfedfffff]
[    0.000000] PM: Registered nosave memory: [mem 0xfee00000-0xfee00fff]
[    0.000000] PM: Registered nosave memory: [mem 0xfee01000-0xfffbffff]
[    0.000000] PM: Registered nosave memory: [mem 0xfffc0000-0xffffffff]
[    0.000000] e820: [mem 0xe0000000-0xfebfffff] available for PCI devices
[    0.000000] Booting paravirtualized kernel on KVM
[    0.000000] clocksource: refined-jiffies: mask: 0xffffffff max_cycles: 0xffffffff, max_idle_ns: 7645519600211568 ns
[    0.000000] setup_percpu: NR_CPUS:512 nr_cpumask_bits:512 nr_cpu_ids:4 nr_node_ids:1
[    0.000000] PERCPU: Embedded 33 pages/cpu @ffff88015fc00000 s95512 r8192 d31464 u524288
[    0.000000] Built 1 zonelists in Node order, mobility grouping on.  Total pages: 1290104
[    0.000000] Policy zone: Normal
[    0.000000] Kernel command line: BOOT_IMAGE=/boot/vmlinuz-4.4.0-186-generic root=UUID=028dcf64-728a-43a3-8470-fbd74a027bdf ro console=tty1 console=ttyS0
[    0.000000] PID hash table entries: 4096 (order: 3, 32768 bytes)
[    0.000000] Memory: 5059548K/5242424K available (8636K kernel code, 1337K rwdata, 4040K rodata, 1492K init, 1296K bss, 182876K reserved, 0K cma-reserved)
[    0.000000] SLUB: HWalign=64, Order=0-3, MinObjects=0, CPUs=4, Nodes=1
[    0.000000] Hierarchical RCU implementation.
[    0.000000] 	Build-time adjustment of leaf fanout to 64.
[    0.000000] 	RCU restricting CPUs from NR_CPUS=512 to nr_cpu_ids=4.
[    0.000000] RCU: Adjusting geometry for rcu_fanout_leaf=64, nr_cpu_ids=4
[    0.000000] NR_IRQS:33024 nr_irqs:456 16
[    0.000000] Console: colour VGA+ 80x25
[    0.000000] console [tty1] enabled
[    0.000000] console [ttyS0] enabled
[    0.000000] tsc: Detected 1799.998 MHz processor
[    0.351982] Calibrating delay loop (skipped) preset value.. 3599.99 BogoMIPS (lpj=7199992)
[    0.353472] pid_max: default: 32768 minimum: 301
[    0.354256] ACPI: Core revision 20150930
[    0.355723] ACPI: 2 ACPI AML tables successfully acquired and loaded
[    0.356856] Security Framework initialized
[    0.357607] Yama: becoming mindful.
[    0.358259] AppArmor: AppArmor initialized
[    0.361946] Dentry cache hash table entries: 1048576 (order: 11, 8388608 bytes)
[    0.376392] Inode-cache hash table entries: 524288 (order: 10, 4194304 bytes)
[    0.380942] Mount-cache hash table entries: 16384 (order: 5, 131072 bytes)
[    0.382526] Mountpoint-cache hash table entries: 16384 (order: 5, 131072 bytes)
[    0.384703] Initializing cgroup subsys io
[    0.385754] Initializing cgroup subsys memory
[    0.386781] Initializing cgroup subsys devices
[    0.387582] Initializing cgroup subsys freezer
[    0.388343] Initializing cgroup subsys net_cls
[    0.389178] Initializing cgroup subsys perf_event
[    0.389978] Initializing cgroup subsys net_prio
[    0.390769] Initializing cgroup subsys hugetlb
[    0.391592] Initializing cgroup subsys pids
[    0.393603] mce: CPU supports 0 MCE banks
[    0.394344] Last level iTLB entries: 4KB 64, 2MB 8, 4MB 8
[    0.395238] Last level dTLB entries: 4KB 64, 2MB 0, 4MB 0, 1GB 4
[    0.396233] Spectre V1 : Mitigation: usercopy/swapgs barriers and __user pointer sanitization
[    0.397728] Spectre V2 : Mitigation: Full generic retpoline
[    0.398950] Spectre V2 : Spectre v2 / SpectreRSB mitigation: Filling RSB on context switch
[    0.401433] Speculative Store Bypass: Vulnerable
[    0.402262] SRBDS: Mitigation: TSX disabled
[    0.405536] Freeing SMP alternatives memory: 36K
[    0.412033] ftrace: allocating 32334 entries in 127 pages
[    0.470517] smpboot: APIC(0) Converting physical 0 to logical package 0
[    0.472028] smpboot: Max logical packages: 1
[    0.473230] x2apic enabled
[    0.474090] Switched APIC routing to physical x2apic.
[    0.476164] ..TIMER: vector=0x30 apic1=0 pin1=2 apic2=-1 pin2=-1
[    0.585572] smpboot: CPU0: Intel(R) Core(TM) i5-8265U CPU @ 1.60GHz (family: 0x6, model: 0x8e, stepping: 0xc)
[    0.587719] Performance Events: unsupported p6 CPU model 142 no PMU driver, software events only.
[    0.599459] KVM setup paravirtual spinlock
[    0.604029] x86: Booting SMP configuration:
[    0.604906] .... node  #0, CPUs:      #1
[    0.605913] kvm-clock: cpu 1, msr 1:5ffef041, secondary cpu clock
[    0.607831] mce: CPU supports 0 MCE banks
[    0.610377]  #2
[    0.610787] kvm-clock: cpu 2, msr 1:5ffef081, secondary cpu clock
[    0.612643] mce: CPU supports 0 MCE banks
[    0.615186]  #3
[    0.615694] kvm-clock: cpu 3, msr 1:5ffef0c1, secondary cpu clock
[    0.617865] mce: CPU supports 0 MCE banks
[    0.620505] x86: Booted up 1 node, 4 CPUs
[    0.621793] smpboot: Total of 4 processors activated (14399.98 BogoMIPS)
[    0.623618] devtmpfs: initialized
[    0.626695] evm: security.selinux
[    0.627706] evm: security.SMACK64
[    0.628657] evm: security.SMACK64EXEC
[    0.629432] evm: security.SMACK64TRANSMUTE
[    0.630211] evm: security.SMACK64MMAP
[    0.630971] evm: security.ima
[    0.631591] evm: security.capability
[    0.633274] clocksource: jiffies: mask: 0xffffffff max_cycles: 0xffffffff, max_idle_ns: 7645041785100000 ns
[    0.635648] futex hash table entries: 1024 (order: 4, 65536 bytes)
[    0.636904] pinctrl core: initialized pinctrl subsystem
[    0.637993] RTC time:  5:18:13, date: 08/10/20
[    0.639112] NET: Registered protocol family 16
[    0.652526] cpuidle: using governor ladder
[    0.669701] cpuidle: using governor menu
[    0.670952] PCCT header not found.
[    0.671835] ACPI: bus type PCI registered
[    0.672800] acpiphp: ACPI Hot Plug PCI Controller Driver version: 0.5
[    0.674291] PCI: Using configuration type 1 for base access
[    0.690992] ACPI: Added _OSI(Module Device)
[    0.692056] ACPI: Added _OSI(Processor Device)
[    0.693047] ACPI: Added _OSI(3.0 _SCP Extensions)
[    0.693894] ACPI: Added _OSI(Processor Aggregator Device)
[    0.695459] ACPI: Executed 1 blocks of module-level executable AML code
[    0.698342] ACPI: Interpreter enabled
[    0.699943] ACPI: (supports S0 S5)
[    0.700772] ACPI: Using IOAPIC for interrupt routing
[    0.701779] PCI: Using host bridge windows from ACPI; if necessary, use "pci=nocrs" and report a bug
[    0.709649] ACPI: PCI Root Bridge [PCI0] (domain 0000 [bus 00-ff])
[    0.711006] acpi PNP0A03:00: _OSC: OS supports [ASPM ClockPM Segments MSI]
[    0.712746] acpi PNP0A03:00: _OSC: not requesting OS control; OS requires [ExtendedConfig ASPM ClockPM MSI]
[    0.715038] acpi PNP0A03:00: fail to add MMCONFIG information, can't access extended PCI configuration space under this bridge.
[    0.726425] PCI host bridge to bus 0000:00
[    0.727583] pci_bus 0000:00: root bus resource [io  0x0000-0x0cf7 window]
[    0.729038] pci_bus 0000:00: root bus resource [io  0x0d00-0xffff window]
[    0.730366] pci_bus 0000:00: root bus resource [mem 0x000a0000-0x000bffff window]
[    0.733145] pci_bus 0000:00: root bus resource [mem 0xe0000000-0xfdffffff window]
[    0.734813] pci_bus 0000:00: root bus resource [bus 00-ff]
[    0.737438] pci 0000:00:01.1: legacy IDE quirk: reg 0x10: [io  0x01f0-0x01f7]
[    0.738574] pci 0000:00:01.1: legacy IDE quirk: reg 0x14: [io  0x03f6]
[    0.739672] pci 0000:00:01.1: legacy IDE quirk: reg 0x18: [io  0x0170-0x0177]
[    0.740843] pci 0000:00:01.1: legacy IDE quirk: reg 0x1c: [io  0x0376]
[    0.793105] pci 0000:00:07.0: quirk: [io  0x4000-0x403f] claimed by PIIX4 ACPI
[    0.794833] pci 0000:00:07.0: quirk: [io  0x4100-0x410f] claimed by PIIX4 SMB
[    0.814750] ACPI: PCI Interrupt Link [LNKA] (IRQs 5 9 10 *11)
[    0.817210] ACPI: PCI Interrupt Link [LNKB] (IRQs 5 9 *10 11)
[    0.818790] ACPI: PCI Interrupt Link [LNKC] (IRQs 5 *9 10 11)
[    0.820216] ACPI: PCI Interrupt Link [LNKD] (IRQs 5 9 10 *11)
[    0.821629] ACPI: Enabled 2 GPEs in block 00 to 07
[    0.823105] vgaarb: setting as boot device: PCI:0000:00:02.0
[    0.824067] vgaarb: device added: PCI:0000:00:02.0,decodes=io+mem,owns=io+mem,locks=none
[    0.825507] vgaarb: loaded
[    0.826094] vgaarb: bridge control possible 0000:00:02.0
[    0.827335] SCSI subsystem initialized
[    0.828270] ACPI: bus type USB registered
[    0.829071] usbcore: registered new interface driver usbfs
[    0.830073] usbcore: registered new interface driver hub
[    0.831117] usbcore: registered new device driver usb
[    0.833002] PCI: Using ACPI for IRQ routing
[    0.834619] NetLabel: Initializing
[    0.835252] NetLabel:  domain hash size = 128
[    0.836048] NetLabel:  protocols = UNLABELED CIPSOv4
[    0.836922] NetLabel:  unlabeled traffic allowed by default
[    0.838170] amd_nb: Cannot enumerate AMD northbridges
[    0.839208] clocksource: Switched to clocksource kvm-clock
[    0.856515] AppArmor: AppArmor Filesystem Enabled
[    0.857865] pnp: PnP ACPI init
[    0.859345] pnp: PnP ACPI: found 3 devices
[    0.871354] clocksource: acpi_pm: mask: 0xffffff max_cycles: 0xffffff, max_idle_ns: 2085701024 ns
[    0.873484] NET: Registered protocol family 2
[    0.874671] TCP established hash table entries: 65536 (order: 7, 524288 bytes)
[    0.876103] TCP bind hash table entries: 65536 (order: 8, 1048576 bytes)
[    0.879963] TCP: Hash tables configured (established 65536 bind 65536)
[    0.881081] UDP hash table entries: 4096 (order: 5, 131072 bytes)
[    0.882577] UDP-Lite hash table entries: 4096 (order: 5, 131072 bytes)
[    0.884448] NET: Registered protocol family 1
[    0.885211] pci 0000:00:00.0: Limiting direct PCI/PCI transfers
[    0.886222] pci 0000:00:01.0: Activating ISA DMA hang workarounds
[    0.887350] Unpacking initramfs...
[    1.144884] Freeing initrd memory: 15436K
[    1.145850] PCI-DMA: Using software bounce buffering for IO (SWIOTLB)
[    1.147236] software IO TLB: mapped [mem 0xdbff0000-0xdfff0000] (64MB)
[    1.148931] clocksource: tsc: mask: 0xffffffffffffffff max_cycles: 0x19f227af07c, max_idle_ns: 440795246167 ns
[    1.151192] platform rtc_cmos: registered platform RTC device (no PNP device found)
[    1.152720] Scanning for low memory corruption every 60 seconds
[    1.154107] audit: initializing netlink subsys (disabled)
[    1.155053] audit: type=2000 audit(1597036698.376:1): initialized
[    1.156313] Initialise system trusted keyring
[    1.157307] HugeTLB registered 2 MB page size, pre-allocated 0 pages
[    1.159725] zbud: loaded
[    1.160823] VFS: Disk quotas dquot_6.6.0
[    1.161799] VFS: Dquot-cache hash table entries: 512 (order 0, 4096 bytes)
[    1.163090] squashfs: version 4.0 (2009/01/31) Phillip Lougher
[    1.164491] fuse init (API version 7.23)
[    1.165988] Key type big_key registered
[    1.167188] Allocating IMA MOK and blacklist keyrings.
[    1.169888] Key type asymmetric registered
[    1.170672] Asymmetric key parser 'x509' registered
[    1.171591] Block layer SCSI generic (bsg) driver version 0.4 loaded (major 249)
[    1.173046] io scheduler noop registered
[    1.173840] io scheduler deadline registered (default)
[    1.174754] io scheduler cfq registered
[    1.175577] pci_hotplug: PCI Hot Plug PCI Core version: 0.5
[    1.176510] pciehp: PCI Express Hot Plug Controller Driver version: 0.4
[    1.177760] ACPI: AC Adapter [AC] (on-line)
[    1.178572] input: Power Button as /devices/LNXSYSTM:00/LNXPWRBN:00/input/input0
[    1.179979] ACPI: Power Button [PWRF]
[    1.180781] input: Sleep Button as /devices/LNXSYSTM:00/LNXSLPBN:00/input/input1
[    1.182348] ACPI: Sleep Button [SLPF]
[    1.183664] GHES: HEST is not enabled!
[    1.184237] ACPI: Battery Slot [BAT0] (battery present)
[    1.185440] Serial: 8250/16550 driver, 32 ports, IRQ sharing enabled
[    1.207043] 00:02: ttyS0 at I/O 0x3f8 (irq = 4, base_baud = 115200) is a 16550A
[    1.212144] Linux agpgart interface v0.103
[    1.218442] loop: module loaded
[    1.219960] scsi host0: ata_piix
[    1.220924] scsi host1: ata_piix
[    1.221738] ata1: PATA max UDMA/33 cmd 0x1f0 ctl 0x3f6 bmdma 0xd000 irq 14
[    1.223390] ata2: PATA max UDMA/33 cmd 0x170 ctl 0x376 bmdma 0xd008 irq 15
[    1.224853] libphy: Fixed MDIO Bus: probed
[    1.225693] tun: Universal TUN/TAP device driver, 1.6
[    1.226560] tun: (C) 1999-2004 Max Krasnyansky <maxk@qualcomm.com>
[    1.227665] PPP generic driver version 2.4.2
[    1.228597] ehci_hcd: USB 2.0 'Enhanced' Host Controller (EHCI) Driver
[    1.229664] ehci-pci: EHCI PCI platform driver
[    1.230474] ehci-platform: EHCI generic platform driver
[    1.231427] ohci_hcd: USB 1.1 'Open' Host Controller (OHCI) Driver
[    1.233179] ohci-pci: OHCI PCI platform driver
[    1.234084] ohci-platform: OHCI generic platform driver
[    1.234991] uhci_hcd: USB Universal Host Controller Interface driver
[    1.236150] i8042: PNP: PS/2 Controller [PNP0303:PS2K,PNP0f03:PS2M] at 0x60,0x64 irq 1,12
[    1.238043] serio: i8042 KBD port at 0x60,0x64 irq 1
[    1.238910] serio: i8042 AUX port at 0x60,0x64 irq 12
[    1.240137] mousedev: PS/2 mouse device common for all mice
[    1.241500] input: AT Translated Set 2 keyboard as /devices/platform/i8042/serio0/input/input2
[    1.243546] rtc_cmos rtc_cmos: rtc core: registered rtc_cmos as rtc0
[    1.244636] rtc_cmos rtc_cmos: alarms up to one day, 114 bytes nvram
[    1.245669] i2c /dev entries driver
[    1.246360] device-mapper: uevent: version 1.0.3
[    1.247321] device-mapper: ioctl: 4.34.0-ioctl (2015-10-28) initialised: dm-devel@redhat.com
[    1.249041] ledtrig-cpu: registered to indicate activity on CPUs
[    1.250940] NET: Registered protocol family 10
[    1.251991] NET: Registered protocol family 17
[    1.252794] Key type dns_resolver registered
[    1.254215] registered taskstats version 1
[    1.254971] Loading compiled-in X.509 certificates
[    1.256322] Loaded X.509 cert 'Build time autogenerated kernel key: cef5e81496c0efa51b848ab539e845ddf31c08be'
[    1.257974] zswap: loaded using pool lzo/zbud
[    1.263479] Key type trusted registered
[    1.269417] Key type encrypted registered
[    1.270273] AppArmor: AppArmor sha1 policy hashing enabled
[    1.271553] ima: No TPM chip found, activating TPM-bypass!
[    1.273016] ima: Allocated hash algorithm: sha1
[    1.273833] evm: HMAC attrs: 0x1
[    1.274842]   Magic number: 0:562:314
[    1.275702] rtc_cmos rtc_cmos: setting system clock to 2020-08-10 05:18:13 UTC (1597036693)
[    1.277305] BIOS EDD facility v0.16 2004-Jun-25, 0 devices found
[    1.278313] EDD information not available.
[    1.445694] Freeing unused kernel memory: 1492K
[    1.652198] Write protecting the kernel read-only data: 14336k
[    1.653917] Freeing unused kernel memory: 1592K
[    1.654871] Freeing unused kernel memory: 56K
Loading, please wait...
starting version 229
[    1.666714] random: systemd-udevd: uninitialized urandom read (16 bytes read, 3 bits of entropy available)
[    1.667415] random: udevadm: uninitialized urandom read (16 bytes read, 3 bits of entropy available)
[    1.667430] random: udevadm: uninitialized urandom read (16 bytes read, 3 bits of entropy available)
[    1.672037] random: systemd-udevd: uninitialized urandom read (16 bytes read, 3 bits of entropy available)
[    1.672900] random: udevadm: uninitialized urandom read (16 bytes read, 3 bits of entropy available)
[    1.672930] random: udevadm: uninitialized urandom read (16 bytes read, 3 bits of entropy available)
[    1.673092] random: udevadm: uninitialized urandom read (16 bytes read, 3 bits of entropy available)
[    1.673126] random: udevadm: uninitialized urandom read (16 bytes read, 3 bits of entropy available)
[    1.673157] random: udevadm: uninitialized urandom read (16 bytes read, 3 bits of entropy available)
[    1.673189] random: udevadm: uninitialized urandom read (16 bytes read, 3 bits of entropy available)
[    1.697164] e1000: Intel(R) PRO/1000 Network Driver - version 7.3.21-k8-NAPI
[    1.697177] Fusion MPT base driver 3.04.20
[    1.697178] Copyright (c) 1999-2008 LSI Corporation
[    1.701705] e1000: Copyright (c) 1999-2006 Intel Corporation.
[    1.708153] Fusion MPT SPI Host driver 3.04.20
[    1.712431] AVX2 version of gcm_enc/dec engaged.
[    1.713543] AES CTR mode by8 optimization enabled
[    1.939074] input: ImExPS/2 Generic Explorer Mouse as /devices/platform/i8042/serio1/input/input4
[    2.069627] e1000 0000:00:03.0 eth0: (PCI:33MHz:32-bit) 02:dd:a3:75:e5:c1
[    2.071166] e1000 0000:00:03.0 eth0: Intel(R) PRO/1000 Network Connection
[    2.073426] e1000 0000:00:03.0 enp0s3: renamed from eth0
[    2.073484] mptbase: ioc0: Initiating bringup
[    2.140100] ioc0: LSI53C1030 A0: Capabilities={Initiator}
[    2.313841] scsi host2: ioc0: LSI53C1030 A0, FwRev=00000000h, Ports=1, MaxQ=256, IRQ=20
[    2.433167] scsi 2:0:0:0: Direct-Access     VBOX     HARDDISK         1.0  PQ: 0 ANSI: 5
[    2.441624] scsi target2:0:0: Beginning Domain Validation
[    2.452903] scsi target2:0:0: Domain Validation skipping write tests
[    2.454715] scsi target2:0:0: Ending Domain Validation
[    2.455826] scsi target2:0:0: asynchronous
[    2.457796] scsi 2:0:1:0: Direct-Access     VBOX     HARDDISK         1.0  PQ: 0 ANSI: 5
[    2.459210] scsi target2:0:1: Beginning Domain Validation
[    2.463290] scsi target2:0:1: Domain Validation skipping write tests
[    2.464504] scsi target2:0:1: Ending Domain Validation
[    2.466537] scsi target2:0:1: asynchronous
[    2.473811] sd 2:0:0:0: Attached scsi generic sg0 type 0
[    2.474742] sd 2:0:0:0: [sda] 41943040 512-byte logical blocks: (21.5 GB/20.0 GiB)
[    2.476295] sd 2:0:0:0: [sda] Write Protect is off
[    2.477268] sd 2:0:0:0: [sda] Incomplete mode parameter data
[    2.477319] sd 2:0:1:0: [sdb] 20480 512-byte logical blocks: (10.5 MB/10.0 MiB)
[    2.477556] sd 2:0:1:0: [sdb] Write Protect is off
[    2.477764] sd 2:0:1:0: [sdb] Incomplete mode parameter data
[    2.477765] sd 2:0:1:0: [sdb] Assuming drive cache: write through
[    2.483015] sd 2:0:0:0: [sda] Assuming drive cache: write through
[    2.483488] sd 2:0:1:0: Attached scsi generic sg1 type 0
[    2.486453] sd 2:0:1:0: [sdb] Attached SCSI disk
[    2.486901]  sda: sda1
[    2.487613] sd 2:0:0:0: [sda] Attached SCSI disk
Begin: Loading essential drivers ... [    3.940973] md: linear personality registered for level -1
[    3.944694] md: multipath personality registered for level -4
[    3.948453] md: raid0 personality registered for level 0
[    3.954139] md: raid1 personality registered for level 1
[    4.023680] raid6: sse2x1   gen() 10418 MB/s
[    4.091896] raid6: sse2x1   xor()  6978 MB/s
[    4.159260] raid6: sse2x2   gen() 14240 MB/s
[    4.227563] raid6: sse2x2   xor()  9441 MB/s
[    4.295892] raid6: sse2x4   gen() 15696 MB/s
[    4.363236] raid6: sse2x4   xor()  9453 MB/s
[    4.431660] raid6: avx2x1   gen() 18950 MB/s
[    4.499887] raid6: avx2x2   gen() 24653 MB/s
[    4.567258] raid6: avx2x4   gen() 26770 MB/s
[    4.568495] raid6: using algorithm avx2x4 gen() 26770 MB/s
[    4.569610] raid6: using avx2x2 recovery algorithm
[    4.571665] xor: automatically using best checksumming function:
[    4.611612]    avx       : 23464.000 MB/sec
[    4.613936] async_tx: api initialized (async)
[    4.625578] md: raid6 personality registered for level 6
[    4.626560] md: raid5 personality registered for level 5
[    4.627452] md: raid4 personality registered for level 4
[    4.636242] md: raid10 personality registered for level 10
done.
Begin: Running /scripts/init-premount ... done.
Begin: Mounting root file system ... Begin: Running /scripts/local-top ... done.
Begin: Running /scripts/local-premount ... [    4.661798] Btrfs loaded
Scanning for Btrfs filesystems
done.
Warning: fsck not present, so skipping root file system
[    4.690983] EXT4-fs (sda1): INFO: recovery required on readonly filesystem
[    4.692370] EXT4-fs (sda1): write access will be enabled during recovery
[    5.321305] EXT4-fs (sda1): orphan cleanup on readonly fs
[    5.322285] EXT4-fs (sda1): 1 orphan inode deleted
[    5.323116] EXT4-fs (sda1): recovery complete
[    5.324771] EXT4-fs (sda1): mounted filesystem with ordered data mode. Opts: (null)
done.
Begin: Running /scripts/local-bottom ... done.
Begin: Running /scripts/init-bottom ... done.
[    5.471527] systemd[1]: systemd 229 running in system mode. (+PAM +AUDIT +SELINUX +IMA +APPARMOR +SMACK +SYSVINIT +UTMP +LIBCRYPTSETUP +GCRYPT +GNUTLS +ACL +XZ -LZ4 +SECCOMP +BLKID +ELFUTILS +KMOD -IDN)
[    5.474433] systemd[1]: Detected virtualization oracle.
[    5.475379] systemd[1]: Detected architecture x86-64.

Welcome to [1mUbuntu 16.04.6 LTS[0m!

[    5.482057] systemd[1]: Set hostname to <ubuntu-xenial>.
[    5.693998] random: nonblocking pool is initialized
[    5.749438] systemd[1]: Listening on Journal Audit Socket.
[[0;32m  OK  [0m] Listening on Journal Audit Socket.
[    5.751387] systemd[1]: Listening on udev Control Socket.
[[0;32m  OK  [0m] Listening on udev Control Socket.
[    5.753128] systemd[1]: Listening on udev Kernel Socket.
[[0;32m  OK  [0m] Listening on udev Kernel Socket.
[    5.754883] systemd[1]: Started Forward Password Requests to Wall Directory Watch.
[[0;32m  OK  [0m] Started Forward Password Requests to Wall Directory Watch.
[    5.757494] systemd[1]: Created slice User and Session Slice.
[[0;32m  OK  [0m] Created slice User and Session Slice.
[    5.759357] systemd[1]: Started Trigger resolvconf update for networkd DNS.
[[0;32m  OK  [0m] Started Trigger resolvconf update for networkd DNS.
[    5.761427] systemd[1]: Listening on LVM2 metadata daemon socket.
[[0;32m  OK  [0m] Listening on LVM2 metadata daemon socket.
[    5.763952] systemd[1]: Reached target User and Group Name Lookups.
[[0;32m  OK  [0m] Reached target User and Group Name Lookups.
[    5.766268] systemd[1]: Listening on Syslog Socket.
[[0;32m  OK  [0m] Listening on Syslog Socket.
[    5.768073] systemd[1]: Listening on Device-mapper event daemon FIFOs.
[[0;32m  OK  [0m] Listening on Device-mapper event daemon FIFOs.
[    5.770044] systemd[1]: Listening on Journal Socket (/dev/log).
[[0;32m  OK  [0m] Listening on Journal Socket (/dev/log).
[    5.772164] systemd[1]: Created slice System Slice.
[[0;32m  OK  [0m] Created slice System Slice.
[    5.773939] systemd[1]: Created slice system-serial\x2dgetty.slice.
[[0;32m  OK  [0m] Created slice system-serial\x2dgetty.slice.
[    5.775944] systemd[1]: Reached target Slices.
[[0;32m  OK  [0m] Reached target Slices.
[    5.777450] systemd[1]: Listening on /dev/initctl Compatibility Named Pipe.
[[0;32m  OK  [0m] Listening on /dev/initctl Compatibility Named Pipe.
[    5.779850] systemd[1]: Reached target System Time Synchronized.
[[0;32m  OK  [0m] Reached target System Time Synchronized.
[    5.782053] systemd[1]: Reached target Swap.
[[0;32m  OK  [0m] Reached target Swap.
[    5.783707] systemd[1]: Set up automount Arbitrary Executable File Formats File System Automount Point.
[[0;32m  OK  [0m] Set up automount Arbitrary Executab...ats File System Automount Point.
[    5.786436] systemd[1]: Listening on Journal Socket.
[[0;32m  OK  [0m] Listening on Journal Socket.
[    5.803432] systemd[1]: Starting Create list of required static device nodes for the current kernel...
         Starting Create list of required st... nodes for the current kernel...
[    5.807816] systemd[1]: Starting Set console keymap...
         Starting Set console keymap...
[    5.810357] systemd[1]: Mounting Debug File System...
         Mounting Debug File System...
[    5.820085] systemd[1]: Starting Monitoring of LVM2 mirrors, snapshots etc. using dmeventd or progress polling...
         Starting Monitoring of LVM2 mirrors... dmeventd or progress polling...
[    5.824307] systemd[1]: Starting Remount Root and Kernel File Systems...
         Starting Remount Root and Kernel File Systems...
[    5.828613] systemd[1]: Mounting POSIX Message Queue File System...
         [    5.833933] EXT4-fs (sda1): re-mounted. Opts: (null)
Mounting POSIX Message Queue File System...
[    5.836058] systemd[1]: Starting Nameserver information manager...
         Starting Nameserver information manager...
[    5.843927] systemd[1]: Mounting Huge Pages File System...
         Mounting Huge Pages File System...
[    5.847476] systemd[1]: Starting Uncomplicated firewall...
         Starting Uncomplicated firewall...
[    5.849781] systemd[1]: Listening on LVM2 poll daemon socket.
[[0;32m  OK  [0m] Listening on LVM2 poll daemon socket.
[    5.852882] systemd[1]: Starting Journal Service...
         Starting Journal Service...
[    5.861436] systemd[1]: Starting Load Kernel Modules...
         Starting Load Kernel Modules...
[    5.863991] systemd[1]: Reached target Encrypted Volumes.
[[0;32m  OK  [0m] Reached target Encrypted Volumes.
[    5.869312] systemd[1]: Mounted POSIX Message Queue File System.
[[0;32m  OK  [0m] Mounted POSIX Message Queue File System.
[    5.871614] systemd[1]: Mounted Huge Pages File System.
[[0;32m  OK  [0m] Mounted Huge Pages File System.
[    5.873384] systemd[1]: Mounted Debug File System.
[[0;32m  OK  [0m] Mounted Debug File System.
[    5.875051] systemd[1]: Started Journal Service.
[[0;32m  OK  [0m] Started Journal [    5.876542] Loading iSCSI transport class v2.0-870.
Service.
[[0;32m  OK  [0m] Started Create list of required sta...ce nodes for the current kernel.
[    5.883766] iscsi: registered transport (tcp)
[[0;32m  OK  [0m] Started Set console keymap.
[[0;32m  OK  [0m] Started Remount Root and Kernel File Systems.
[[0;32m  OK  [0m] Started Uncomplicated firewall.
[[0;32m  OK  [0m] Started Nameserver information manager.
[[0;32m  OK  [0m] Started LVM2 metadata daemon.
         Starting Load/Save Random Seed...
         Starting udev Coldplug all Devices...
         Starting Create Static Device Nodes in /dev...
         Starting Flush Journal to Persistent Storage...
[[0;32m  OK  [0m] Started Load/Save Random Seed.
[    5.919549] systemd-journald[418]: Received request to flush runtime journal from PID 1
[[0;32m  OK  [0m] Started Flush Journal to Persistent Storage.
[    5.926135] iscsi: registered transport (iser)
[[0;32m  OK  [0m] Started Load Kernel Modules.
         Mounting FUSE Control File System...
         Starting Apply Kernel Variables...
[[0;32m  OK  [0m] Mounted FUSE Control File System.
[[0;32m  OK  [0m] Started Create Static Device Nodes in /dev.
[[0;32m  OK  [0m] Started udev Coldplug all Devices.
[[0;32m  OK  [0m] Started Apply Kernel Variables.
         Starting udev Kernel Device Manager...
[[0;32m  OK  [0m] Started Monitoring of LVM2 mirrors,...ng dmeventd or progress polling.
[[0;32m  OK  [0m] Reached target Local File Systems (Pre).
[[0;32m  OK  [0m] Reached target Local File Systems.
         Starting Create Volatile Files and Directories...
         Starting Initial cloud-init job (pre-networking)...
         Starting LSB: AppArmor initialization...
         Starting Tell Plymouth To Write Out Runtime Data...
         Starting Set console font and keymap...
[[0;32m  OK  [0m] Started Create Volatile Files and Directories.
[[0;32m  OK  [0m] Started Tell Plymouth To Write Out Runtime Data.
         Starting Update UTMP about System Boot/Shutdown...
[[0;32m  OK  [0m] Started Update UTMP about System Boot/Shutdown.
[[0;32m  OK  [0m] Started udev Kernel Device Manager.
[[0;32m  OK  [0m] Started Dispatch Password Requests to Console Directory Watch.
[[0;32m  OK  [0m] Found device /dev/ttyS0.
[[0;32m  OK  [0m] Started LSB: AppArmor initialization.
         Starting Load AppArmor profiles managed internally by snapd...
[[0;32m  OK  [0m] Started Load AppArmor profiles managed internally by snapd.
[[0;32m  OK  [0m] Listening on Load/Save RF Kill Switch Status /dev/rfkill Watch.
[[0;32m  OK  [0m] Found device 82540EM Gigabit Ethern...r (PRO/1000 MT Desktop Adapter).
[[0;32m  OK  [0m] Started Set console font and keymap.
[[0;32m  OK  [0m] Created slice system-getty.slice.
[    6.999968] cloud-init[487]: Cloud-init v. 19.3-41-gc4735dd3-0ubuntu1~16.04.1 running 'init-local' at Mon, 10 Aug 2020 05:18:19 +0000. Up 6.76 seconds.
[[0;32m  OK  [0m] Started Initial cloud-init job (pre-networking).
[[0;32m  OK  [0m] Reached target Network (Pre).
[[0;32m  OK  [0m] Started ifup for enp0s3.
         Starting Raise network interfaces...
[[0;32m  OK  [0m] Started Raise network interfaces.
         Starting Initial cloud-init job (metadata service crawler)...
[[0;32m  OK  [0m] Reached target Network.
[    7.734283] cloud-init[993]: Cloud-init v. 19.3-41-gc4735dd3-0ubuntu1~16.04.1 running 'init' at Mon, 10 Aug 2020 05:18:20 +0000. Up 7.46 seconds.
[    7.744566] cloud-init[993]: ci-info: ++++++++++++++++++++++++++++++++++++++Net device info++++++++++++++++++++++++++++++++++++++
[    7.745754] cloud-init[993]: ci-info: +--------+------+----------------------------+---------------+--------+-------------------+
[    7.746976] cloud-init[993]: ci-info: | Device |  Up  |          Address           |      Mask     | Scope  |     Hw-Address    |
[    7.748344] cloud-init[993]: ci-info: +--------+------+----------------------------+---------------+--------+-------------------+
[    7.749748] cloud-init[993]: ci-info: | enp0s3 | True |         10.0.2.15          | 255.255.255.0 | global | 02:dd:a3:75:e5:c1 |
[    7.751489] cloud-init[993]: ci-info: | enp0s3 | True | fe80::dd:a3ff:fe75:e5c1/64 |       .       |  link  | 02:dd:a3:75:e5:c1 |
[    7.752992] cloud-init[993]: ci-info: |   lo   | True |         127.0.0.1          |   255.0.0.0   |  host  |         .         |
[    7.754439] cloud-init[993]: ci-info: |   lo   | True |          ::1/128           |       .       |  host  |         .         |
[    7.755900] cloud-init[993]: ci-info: +--------+------+----------------------------+---------------+--------+-------------------+
[    7.757412] cloud-init[993]: ci-info: +++++++++++++++++++++++++++Route IPv4 info++++++++++++++++++++++++++++
[    7.758613] cloud-init[993]: ci-info: +-------+-------------+----------+---------------+-----------+-------+
[    7.759866] cloud-init[993]: ci-info: | Route | Destination | Gateway  |    Genmask    | Interface | Flags |
[    7.761166] cloud-init[993]: ci-info: +-------+-------------+----------+---------------+-----------+-------+
[    7.762363] cloud-init[993]: ci-info: |   0   |   0.0.0.0   | 10.0.2.2 |    0.0.0.0    |   enp0s3  |   UG  |
[    7.763608] cloud-init[993]: ci-info: |   1   |   10.0.2.0  | 0.0.0.0  | 255.255.255.0 |   enp0s3  |   U   |
[    7.764835] cloud-init[993]: ci-info: +-------+-------------+----------+---------------+-----------+-------+
[    7.766021] cloud-init[993]: ci-info: +++++++++++++++++++Route IPv6 info+++++++++++++++++++
[    7.767808] cloud-init[993]: ci-info: +-------+-------------+---------+-----------+-------+
[    7.769050] cloud-init[993]: ci-info: | Route | Destination | Gateway | Interface | Flags |
[    7.770147] cloud-init[993]: ci-info: +-------+-------------+---------+-----------+-------+
[    7.771224] cloud-init[993]: ci-info: |   0   |  fe80::/64  |    ::   |   enp0s3  |   U   |
[    7.772356] cloud-init[993]: ci-info: |   3   |   ff00::/8  |    ::   |   enp0s3  |   U   |
[    7.773425] cloud-init[993]: ci-info: +-------+-------------+---------+-----------+-------+
[[0;32m  OK  [0m] Started Initial cloud-init job (metadata service crawler).
[[0;32m  OK  [0m] Reached target Network is Online.
         Starting iSCSI initiator daemon (iscsid)...
[[0;32m  OK  [0m] Reached target Cloud-config availability.
[[0;32m  OK  [0m] Reached target System Initialization.
[[0;32m  OK  [0m] Listening on ACPID Listen Socket.
[[0;32m  OK  [0m] Listening on UUID daemon activation socket.
[[0;32m  OK  [0m] Started ACPI Events Check.
[[0;32m  OK  [0m] Reached target Paths.
[[0;32m  OK  [0m] Started Daily Cleanup of Temporary Directories.
[[0;32m  OK  [0m] Started Message of the Day.
         Starting LXD - unix socket.
[[0;32m  OK  [0m] Started Daily apt download activities.
[[0;32m  OK  [0m] Started Daily apt upgrade and clean activities.
         Starting Socket activation for snappy daemon.
[[0;32m  OK  [0m] Reached target Timers.
[[0;32m  OK  [0m] Listening on D-Bus System Message Bus Socket.
[[0;32m  OK  [0m] Listening on LXD - unix socket.
[[0;32m  OK  [0m] Listening on Socket activation for snappy daemon.
[[0;32m  OK  [0m] Reached target Sockets.
[[0;32m  OK  [0m] Reached target Basic System.
         Starting LXD - container startup/shutdown...
[[0;32m  OK  [0m] Started Regular background program processing daemon.
         Starting Message of the Day...
[[0;32m  OK  [0m] Started D-Bus System Message Bus.
         Starting LSB: MD monitoring daemon...
         Starting OpenBSD Secure Shell server...
         Starting Accounts Service...
[[0;32m  OK  [0m] Started FUSE filesystem for LXC.
[[0;32m  OK  [0m] Started ACPI event daemon.
         Starting Virtualbox guest utils...
         Starting LSB: Record successful boot for GRUB...
         Starting Snap Daemon...
[[0;32m  OK  [0m] Started Deferred execution scheduler.
         Starting /etc/rc.local Compatibility...
         Starting Login Service...
         Starting System Logging Service...
[[0;32m  OK  [0m] Started iSCSI initiator daemon (iscsid).
[[0;32m  OK  [0m] Started /etc/rc.local Compatibility.
         Starting Login to default iSCSI targets...
[[0;32m  OK  [0m] Started OpenBSD Secure Shell server.
[[0;32m  OK  [0m] Started Login to default iSCSI targets.
[[0;32m  OK  [0m] Started System Logging Service.
[[0;32m  OK  [0m] Started LSB: MD monitoring daemon.
[[0;32m  OK  [0m] Started LSB: Record successful boot for GRUB.
         Starting Authenticate and Authorize Users to Run Privileged Tasks...
[[0;32m  OK  [0m] Reached target Remote File Systems (Pre).
[[0;32m  OK  [0m] Reached target Remote File Systems.
         Starting LSB: daemon to balance interrupts for SMP systems...
         Starting Permit User Sessions...
         Starting LSB: Set the CPU Frequency Scaling governor to "ondemand"...
         Starting LSB: automatic crash report generation...
[[0;32m  OK  [0m] Started LSB: Set the CPU Frequency Scaling governor to "ondemand".
[[0;32m  OK  [0m] Started Login Service.
[[0;32m  OK  [0m] Started Permit User Sessions.
         Starting Hold until boot process finishes up...
         Starting Terminate Plymouth Boot Screen...
[[0;32m  OK  [0m] Started Unattended Upgrades Shutdown.
[[0;32m  OK  [0m] Started Virtualbox guest utils.
[[0;32m  OK  [0m] Started Hold until boot process finishes up.
[[0;32m  OK  [0m] Started Authenticate and Authorize Users to Run Privileged Tasks.
[[0;32m  OK  [0m] Started Terminate Plymouth Boot Screen.
[[0;32m  OK  [0m] Started Accounts Service.
[[0;32m  OK  [0m] Started Getty on tty1.
[[0;32m  OK  [0m] Started Serial Getty on ttyS0.
[[0;32m  OK  [0m] Reached target Login Prompts.
         Starting Set console scheme...
[[0;32m  OK  [0m] Started Set console scheme.
[[0;32m  OK  [0m] Started LSB: daemon to balance interrupts for SMP systems.
[[0;32m  OK  [0m] Started LSB: automatic crash report generation.
[[0;32m  OK  [0m] Started LXD - container startup/shutdown.
[[0;32m  OK  [0m] Started Snap Daemon.
         Starting Wait until snapd is fully seeded...
[[0;32m  OK  [0m] Started Wait until snapd is fully seeded.
         Starting Apply the settings specified in cloud-config...
[[0;32m  OK  [0m] Reached target Multi-User System.
[[0;32m  OK  [0m] Reached target Graphical Interface.
         Starting Update UTMP about System Runlevel Changes...
[[0;32m  OK  [0m] Started Update UTMP about System Runlevel Changes.
[    9.104074] cloud-init[1277]: Cloud-init v. 19.3-41-gc4735dd3-0ubuntu1~16.04.1 running 'modules:config' at Mon, 10 Aug 2020 05:18:21 +0000. Up 9.03 seconds.
[[0;32m  OK  [0m] Started Apply the settings specified in cloud-config.
         Starting Execute cloud user/final scripts...
[    9.528105] cloud-init[1294]: Cloud-init v. 19.3-41-gc4735dd3-0ubuntu1~16.04.1 running 'modules:final' at Mon, 10 Aug 2020 05:18:22 +0000. Up 9.45 seconds.
[    9.529897] cloud-init[1294]: Cloud-init v. 19.3-41-gc4735dd3-0ubuntu1~16.04.1 finished at Mon, 10 Aug 2020 05:18:22 +0000. Datasource DataSourceNoCloud [seed=/dev/sdb][dsmode=net].  Up 9.52 seconds
[[0;32m  OK  [0m] Started Execute cloud user/final scripts.
[[0;32m  OK  [0m] Reached target Cloud-init target.
         Starting Daily apt download activities...
[[0;32m  OK  [0m] Started Message of the Day.
[[0;32m  OK  [0m] Created slice User Slice of vagrant.
         Starting User Manager for UID 1000...
[[0;32m  OK  [0m] Started Session 1 of user vagrant.
[[0;32m  OK  [0m] Started User Manager for UID 1000.

Ubuntu 16.04.6 LTS ubuntu-xenial ttyS0

ubuntu-xenial login: [[0;32m  OK  [0m] Started ACPI event daemon.
         Stopping LSB: automatic crash report generation...
[[0;32m  OK  [0m] Stopped LSB: automatic crash report generation.
[[0;32m  OK  [0m] Started ACPI event daemon.
[[0;32m  OK  [0m] Started ACPI event daemon.
[[0;32m  OK  [0m] Started ACPI event daemon.
[[0;32m  OK  [0m] Started ACPI event daemon.
[[0;32m  OK  [0m] Started ACPI event daemon.
         Starting LSB: automatic crash report generation...
[[0;32m  OK  [0m] Started LSB: automatic crash report generation.
[[0;32m  OK  [0m] Started ACPI event daemon.
[[0;32m  OK  [0m] Started ACPI event daemon.
         Stopping LSB: Record successful boot for GRUB...
[[0;32m  OK  [0m] Stopped LSB: Record successful boot for GRUB.
[[0;32m  OK  [0m] Started ACPI event daemon.
[[0;32m  OK  [0m] Started ACPI event daemon.
[[0;32m  OK  [0m] Started ACPI event daemon.
[[0;32m  OK  [0m] Started ACPI event daemon.
         Starting LSB: Record successful boot for GRUB...
[[0;32m  OK  [0m] Started LSB: Record successful boot for GRUB.
[[0;32m  OK  [0m] Started Daily apt upgrade and clean activities.
